<?xml version="1.0" encoding="UTF-8"?>
<robot generator="Robot 7.0.1 (Python 3.11.4 on win32)" generated="2024-07-25T22:15:17.021509" rpa="false" schemaversion="5">
<suite id="s1" name="Login" source="C:\QAx\projects\yodapp-robot\tests\login.robot">
<test id="s1-t1" name="Efetuar login com sucesso" line="20">
<kw name="Start session" owner="base">
<kw name="Open Application" owner="AppiumLibrary">
<arg>http://localhost:4723</arg>
<arg>platformName=Android</arg>
<arg>deviceName=Android Emulator</arg>
<arg>automationName=UIAutomator2</arg>
<arg>app=${EXECDIR}/app/yodapp-beta.apk</arg>
<arg>udid=emulator-5554</arg>
<arg>autoGrantPermissions=true</arg>
<doc>Opens a new application to given Appium server.
Capabilities of appium server, Android and iOS,
Please check https://appium.io/docs/en/2.1/cli/args/
| *Option*            | *Man.* | *Description*     |
| remote_url          | Yes    | Appium server url |
| alias               | no     | alias             |
| strict_ssl          | No     | allows you to send commands to an invalid certificate host like a self-signed one. |</doc>
<status status="PASS" start="2024-07-25T22:15:17.215861" elapsed="8.242567"/>
</kw>
<status status="PASS" start="2024-07-25T22:15:17.215861" elapsed="8.242567"/>
</kw>
<kw name="Get started" owner="base">
<kw name="Wait Until Page Contains" owner="AppiumLibrary">
<arg>${START}</arg>
<arg>5</arg>
<doc>Waits until `text` appears on current page.</doc>
<status status="PASS" start="2024-07-25T22:15:25.459430" elapsed="4.537985"/>
</kw>
<kw name="Click Text" owner="AppiumLibrary">
<msg time="2024-07-25T22:15:31.740241" level="INFO">xpath criteria: //*[contains(@text,"QAX")]</msg>
<arg>${START}</arg>
<doc>Click text identified by ``text``.</doc>
<status status="PASS" start="2024-07-25T22:15:29.998423" elapsed="1.741818"/>
</kw>
<status status="PASS" start="2024-07-25T22:15:25.458428" elapsed="6.281813"/>
</kw>
<kw name="Navigate to" owner="base">
<kw name="Set Variable" owner="BuiltIn">
<msg time="2024-07-25T22:15:31.741241" level="INFO">${hamburger} = xpath=//android.widget.ImageButton[@content-desc="Open navigation drawer"]</msg>
<var>${hamburger}</var>
<arg>xpath=//android.widget.ImageButton[@content-desc="Open navigation drawer"]</arg>
<doc>Returns the given values which can then be assigned to a variables.</doc>
<status status="PASS" start="2024-07-25T22:15:31.741241" elapsed="0.000000"/>
</kw>
<kw name="Wait Until Element Is Visible" owner="AppiumLibrary">
<msg time="2024-07-25T22:15:32.982474" level="INFO">xpath criteria: //android.widget.ImageButton[@content-desc="Open navigation drawer"]
xpath criteria: //android.widget.ImageButton[@content-desc="Open navigation drawer"]</msg>
<arg>${hamburger}</arg>
<arg>5</arg>
<doc>Waits until element specified with `locator` is visible.</doc>
<status status="PASS" start="2024-07-25T22:15:31.741241" elapsed="1.241233"/>
</kw>
<kw name="Click Element" owner="AppiumLibrary">
<msg time="2024-07-25T22:15:32.983474" level="INFO">Clicking element 'xpath=//android.widget.ImageButton[@content-desc="Open navigation drawer"]'.</msg>
<msg time="2024-07-25T22:15:33.125870" level="INFO">xpath criteria: //android.widget.ImageButton[@content-desc="Open navigation drawer"]</msg>
<arg>${hamburger}</arg>
<doc>Click element identified by `locator`.</doc>
<status status="PASS" start="2024-07-25T22:15:32.982474" elapsed="0.143396"/>
</kw>
<kw name="Set Variable" owner="BuiltIn">
<msg time="2024-07-25T22:15:33.126870" level="INFO">${menu_item} = xpath=//*[@resource-id="com.qaxperience.yodapp:id/navView"]//*[@text="Formulários"]</msg>
<var>${menu_item}</var>
<arg>xpath=//*[@resource-id="com.qaxperience.yodapp:id/navView"]//*[@text="${item_text}"]</arg>
<doc>Returns the given values which can then be assigned to a variables.</doc>
<status status="PASS" start="2024-07-25T22:15:33.126870" elapsed="0.000000"/>
</kw>
<kw name="Wait Until Element Is Visible" owner="AppiumLibrary">
<msg time="2024-07-25T22:15:34.105919" level="INFO">xpath criteria: //*[@resource-id="com.qaxperience.yodapp:id/navView"]//*[@text="Formulários"]</msg>
<arg>${menu_item}</arg>
<arg>5</arg>
<doc>Waits until element specified with `locator` is visible.</doc>
<status status="PASS" start="2024-07-25T22:15:33.126870" elapsed="0.979049"/>
</kw>
<kw name="Click Element" owner="AppiumLibrary">
<msg time="2024-07-25T22:15:34.107917" level="INFO">Clicking element 'xpath=//*[@resource-id="com.qaxperience.yodapp:id/navView"]//*[@text="Formulários"]'.</msg>
<msg time="2024-07-25T22:15:34.322469" level="INFO">xpath criteria: //*[@resource-id="com.qaxperience.yodapp:id/navView"]//*[@text="Formulários"]</msg>
<arg>${menu_item}</arg>
<doc>Click element identified by `locator`.</doc>
<status status="PASS" start="2024-07-25T22:15:34.106919" elapsed="0.216550"/>
</kw>
<arg>Formulários</arg>
<status status="PASS" start="2024-07-25T22:15:31.741241" elapsed="2.582228"/>
</kw>
<kw name="Go to item" owner="base">
<kw name="Wait Until Page Contains" owner="AppiumLibrary">
<arg>${item}</arg>
<arg>5</arg>
<doc>Waits until `text` appears on current page.</doc>
<status status="PASS" start="2024-07-25T22:15:34.323469" elapsed="0.984354"/>
</kw>
<kw name="Click Text" owner="AppiumLibrary">
<msg time="2024-07-25T22:15:35.456776" level="INFO">xpath criteria: //*[contains(@text,"Login")]</msg>
<arg>${item}</arg>
<doc>Click text identified by ``text``.</doc>
<status status="PASS" start="2024-07-25T22:15:35.307823" elapsed="0.148953"/>
</kw>
<kw name="Wait Until Page Contains" owner="AppiumLibrary">
<arg>${checkpoint}</arg>
<doc>Waits until `text` appears on current page.</doc>
<status status="PASS" start="2024-07-25T22:15:35.456776" elapsed="2.169486"/>
</kw>
<arg>Login</arg>
<arg>Olá Padawan, vamos testar o login?</arg>
<status status="PASS" start="2024-07-25T22:15:34.323469" elapsed="3.302793"/>
</kw>
<kw name="Input Text" owner="AppiumLibrary">
<msg time="2024-07-25T22:15:37.628799" level="INFO">Typing text 'yoda@qax.com' into text field 'com.qaxperience.yodapp:id/etEmail'</msg>
<msg time="2024-07-25T22:15:38.209716" level="INFO">criteria is com.qaxperience.yodapp:id/etEmail</msg>
<arg>${imput_email}</arg>
<arg>${email_valido}</arg>
<doc>Types the given `text` into text field identified by `locator`.</doc>
<status status="PASS" start="2024-07-25T22:15:37.627772" elapsed="0.581944"/>
</kw>
<kw name="Input Password" owner="AppiumLibrary">
<msg time="2024-07-25T22:15:38.210714" level="INFO">Typing password into text field 'com.qaxperience.yodapp:id/etPassword'</msg>
<msg time="2024-07-25T22:15:39.275086" level="INFO">criteria is com.qaxperience.yodapp:id/etPassword</msg>
<arg>${imput_senha}</arg>
<arg>${senha_valida}</arg>
<doc>Types the given password into text field identified by `locator`.</doc>
<status status="PASS" start="2024-07-25T22:15:38.209716" elapsed="1.065370"/>
</kw>
<kw name="Click Element" owner="AppiumLibrary">
<msg time="2024-07-25T22:15:39.276086" level="INFO">Clicking element 'com.qaxperience.yodapp:id/btnSubmit'.</msg>
<msg time="2024-07-25T22:15:39.891277" level="INFO">criteria is com.qaxperience.yodapp:id/btnSubmit</msg>
<arg>${submit_button}</arg>
<doc>Click element identified by `locator`.</doc>
<status status="PASS" start="2024-07-25T22:15:39.275086" elapsed="0.616191"/>
</kw>
<kw name="Wait Until Page Contains" owner="AppiumLibrary">
<arg>Boas vindas, logado você está.</arg>
<arg>5</arg>
<doc>Waits until `text` appears on current page.</doc>
<status status="PASS" start="2024-07-25T22:15:39.891277" elapsed="0.572895"/>
</kw>
<kw name="Close session" owner="base">
<kw name="Close Application" owner="AppiumLibrary">
<doc>Closes the current application and also close webdriver session.</doc>
<status status="PASS" start="2024-07-25T22:15:40.464172" elapsed="0.476781"/>
</kw>
<status status="PASS" start="2024-07-25T22:15:40.464172" elapsed="0.476781"/>
</kw>
<status status="PASS" start="2024-07-25T22:15:17.215861" elapsed="23.725092"/>
</test>
<test id="s1-t2" name="Tentativa de login com dados incorretos" line="35">
<kw name="Start session" owner="base">
<kw name="Open Application" owner="AppiumLibrary">
<arg>http://localhost:4723</arg>
<arg>platformName=Android</arg>
<arg>deviceName=Android Emulator</arg>
<arg>automationName=UIAutomator2</arg>
<arg>app=${EXECDIR}/app/yodapp-beta.apk</arg>
<arg>udid=emulator-5554</arg>
<arg>autoGrantPermissions=true</arg>
<doc>Opens a new application to given Appium server.
Capabilities of appium server, Android and iOS,
Please check https://appium.io/docs/en/2.1/cli/args/
| *Option*            | *Man.* | *Description*     |
| remote_url          | Yes    | Appium server url |
| alias               | no     | alias             |
| strict_ssl          | No     | allows you to send commands to an invalid certificate host like a self-signed one. |</doc>
<status status="PASS" start="2024-07-25T22:15:40.941952" elapsed="8.294779"/>
</kw>
<status status="PASS" start="2024-07-25T22:15:40.941952" elapsed="8.294779"/>
</kw>
<kw name="Get started" owner="base">
<kw name="Wait Until Page Contains" owner="AppiumLibrary">
<arg>${START}</arg>
<arg>5</arg>
<doc>Waits until `text` appears on current page.</doc>
<status status="PASS" start="2024-07-25T22:15:49.238237" elapsed="4.560937"/>
</kw>
<kw name="Click Text" owner="AppiumLibrary">
<msg time="2024-07-25T22:15:54.883571" level="INFO">xpath criteria: //*[contains(@text,"QAX")]</msg>
<arg>${START}</arg>
<doc>Click text identified by ``text``.</doc>
<status status="PASS" start="2024-07-25T22:15:53.800174" elapsed="1.083397"/>
</kw>
<status status="PASS" start="2024-07-25T22:15:49.236731" elapsed="5.646840"/>
</kw>
<kw name="Navigate to" owner="base">
<kw name="Set Variable" owner="BuiltIn">
<msg time="2024-07-25T22:15:54.884572" level="INFO">${hamburger} = xpath=//android.widget.ImageButton[@content-desc="Open navigation drawer"]</msg>
<var>${hamburger}</var>
<arg>xpath=//android.widget.ImageButton[@content-desc="Open navigation drawer"]</arg>
<doc>Returns the given values which can then be assigned to a variables.</doc>
<status status="PASS" start="2024-07-25T22:15:54.884572" elapsed="0.000000"/>
</kw>
<kw name="Wait Until Element Is Visible" owner="AppiumLibrary">
<msg time="2024-07-25T22:15:56.119655" level="INFO">xpath criteria: //android.widget.ImageButton[@content-desc="Open navigation drawer"]</msg>
<arg>${hamburger}</arg>
<arg>5</arg>
<doc>Waits until element specified with `locator` is visible.</doc>
<status status="PASS" start="2024-07-25T22:15:54.884572" elapsed="1.235083"/>
</kw>
<kw name="Click Element" owner="AppiumLibrary">
<msg time="2024-07-25T22:15:56.120656" level="INFO">Clicking element 'xpath=//android.widget.ImageButton[@content-desc="Open navigation drawer"]'.</msg>
<msg time="2024-07-25T22:15:56.262080" level="INFO">xpath criteria: //android.widget.ImageButton[@content-desc="Open navigation drawer"]</msg>
<arg>${hamburger}</arg>
<doc>Click element identified by `locator`.</doc>
<status status="PASS" start="2024-07-25T22:15:56.119655" elapsed="0.142425"/>
</kw>
<kw name="Set Variable" owner="BuiltIn">
<msg time="2024-07-25T22:15:56.262080" level="INFO">${menu_item} = xpath=//*[@resource-id="com.qaxperience.yodapp:id/navView"]//*[@text="Formulários"]</msg>
<var>${menu_item}</var>
<arg>xpath=//*[@resource-id="com.qaxperience.yodapp:id/navView"]//*[@text="${item_text}"]</arg>
<doc>Returns the given values which can then be assigned to a variables.</doc>
<status status="PASS" start="2024-07-25T22:15:56.262080" elapsed="0.000000"/>
</kw>
<kw name="Wait Until Element Is Visible" owner="AppiumLibrary">
<msg time="2024-07-25T22:15:57.232213" level="INFO">xpath criteria: //*[@resource-id="com.qaxperience.yodapp:id/navView"]//*[@text="Formulários"]</msg>
<arg>${menu_item}</arg>
<arg>5</arg>
<doc>Waits until element specified with `locator` is visible.</doc>
<status status="PASS" start="2024-07-25T22:15:56.262080" elapsed="0.970133"/>
</kw>
<kw name="Click Element" owner="AppiumLibrary">
<msg time="2024-07-25T22:15:57.233211" level="INFO">Clicking element 'xpath=//*[@resource-id="com.qaxperience.yodapp:id/navView"]//*[@text="Formulários"]'.</msg>
<msg time="2024-07-25T22:15:57.422786" level="INFO">xpath criteria: //*[@resource-id="com.qaxperience.yodapp:id/navView"]//*[@text="Formulários"]</msg>
<arg>${menu_item}</arg>
<doc>Click element identified by `locator`.</doc>
<status status="PASS" start="2024-07-25T22:15:57.232213" elapsed="0.190573"/>
</kw>
<arg>Formulários</arg>
<status status="PASS" start="2024-07-25T22:15:54.884572" elapsed="2.538214"/>
</kw>
<kw name="Go to item" owner="base">
<kw name="Wait Until Page Contains" owner="AppiumLibrary">
<arg>${item}</arg>
<arg>5</arg>
<doc>Waits until `text` appears on current page.</doc>
<status status="PASS" start="2024-07-25T22:15:57.423786" elapsed="0.999052"/>
</kw>
<kw name="Click Text" owner="AppiumLibrary">
<msg time="2024-07-25T22:16:00.943988" level="INFO">xpath criteria: //*[contains(@text,"Login")]</msg>
<arg>${item}</arg>
<doc>Click text identified by ``text``.</doc>
<status status="PASS" start="2024-07-25T22:15:58.423837" elapsed="2.520151"/>
</kw>
<kw name="Wait Until Page Contains" owner="AppiumLibrary">
<arg>${checkpoint}</arg>
<doc>Waits until `text` appears on current page.</doc>
<status status="PASS" start="2024-07-25T22:16:00.943988" elapsed="0.066415"/>
</kw>
<arg>Login</arg>
<arg>Olá Padawan, vamos testar o login?</arg>
<status status="PASS" start="2024-07-25T22:15:57.423786" elapsed="3.586617"/>
</kw>
<kw name="Input Text" owner="AppiumLibrary">
<msg time="2024-07-25T22:16:01.011906" level="INFO">Typing text 'yoda@qa.com' into text field 'com.qaxperience.yodapp:id/etEmail'</msg>
<msg time="2024-07-25T22:16:01.591301" level="INFO">criteria is com.qaxperience.yodapp:id/etEmail</msg>
<arg>${imput_email}</arg>
<arg>${email_incorreto}</arg>
<doc>Types the given `text` into text field identified by `locator`.</doc>
<status status="PASS" start="2024-07-25T22:16:01.010403" elapsed="0.580898"/>
</kw>
<kw name="Input Password" owner="AppiumLibrary">
<msg time="2024-07-25T22:16:01.592301" level="INFO">Typing password into text field 'com.qaxperience.yodapp:id/etPassword'</msg>
<msg time="2024-07-25T22:16:02.661382" level="INFO">criteria is com.qaxperience.yodapp:id/etPassword</msg>
<arg>${imput_senha}</arg>
<arg>${senha_incorreta}</arg>
<doc>Types the given password into text field identified by `locator`.</doc>
<status status="PASS" start="2024-07-25T22:16:01.591301" elapsed="1.070081"/>
</kw>
<kw name="Click Element" owner="AppiumLibrary">
<msg time="2024-07-25T22:16:02.662595" level="INFO">Clicking element 'com.qaxperience.yodapp:id/btnSubmit'.</msg>
<msg time="2024-07-25T22:16:03.798450" level="INFO">criteria is com.qaxperience.yodapp:id/btnSubmit</msg>
<arg>${submit_button}</arg>
<doc>Click element identified by `locator`.</doc>
<status status="PASS" start="2024-07-25T22:16:02.662595" elapsed="1.135855"/>
</kw>
<kw name="Wait Until Page Contains" owner="AppiumLibrary">
<arg>Oops! Credenciais incorretas.</arg>
<arg>5</arg>
<doc>Waits until `text` appears on current page.</doc>
<status status="PASS" start="2024-07-25T22:16:03.798450" elapsed="0.067655"/>
</kw>
<kw name="Close session" owner="base">
<kw name="Close Application" owner="AppiumLibrary">
<doc>Closes the current application and also close webdriver session.</doc>
<status status="PASS" start="2024-07-25T22:16:03.867105" elapsed="0.486305"/>
</kw>
<status status="PASS" start="2024-07-25T22:16:03.867105" elapsed="0.486305"/>
</kw>
<status status="PASS" start="2024-07-25T22:15:40.941952" elapsed="23.411458"/>
</test>
<test id="s1-t3" name="Tentativa de login sem preenchimento de email" line="51">
<kw name="Start session" owner="base">
<kw name="Open Application" owner="AppiumLibrary">
<arg>http://localhost:4723</arg>
<arg>platformName=Android</arg>
<arg>deviceName=Android Emulator</arg>
<arg>automationName=UIAutomator2</arg>
<arg>app=${EXECDIR}/app/yodapp-beta.apk</arg>
<arg>udid=emulator-5554</arg>
<arg>autoGrantPermissions=true</arg>
<doc>Opens a new application to given Appium server.
Capabilities of appium server, Android and iOS,
Please check https://appium.io/docs/en/2.1/cli/args/
| *Option*            | *Man.* | *Description*     |
| remote_url          | Yes    | Appium server url |
| alias               | no     | alias             |
| strict_ssl          | No     | allows you to send commands to an invalid certificate host like a self-signed one. |</doc>
<status status="PASS" start="2024-07-25T22:16:04.355409" elapsed="8.234301"/>
</kw>
<status status="PASS" start="2024-07-25T22:16:04.354409" elapsed="8.235301"/>
</kw>
<kw name="Get started" owner="base">
<kw name="Wait Until Page Contains" owner="AppiumLibrary">
<arg>${START}</arg>
<arg>5</arg>
<doc>Waits until `text` appears on current page.</doc>
<status status="PASS" start="2024-07-25T22:16:12.590711" elapsed="4.476965"/>
</kw>
<kw name="Click Text" owner="AppiumLibrary">
<msg time="2024-07-25T22:16:18.812680" level="INFO">xpath criteria: //*[contains(@text,"QAX")]</msg>
<arg>${START}</arg>
<doc>Click text identified by ``text``.</doc>
<status status="PASS" start="2024-07-25T22:16:17.067676" elapsed="1.745004"/>
</kw>
<status status="PASS" start="2024-07-25T22:16:12.590711" elapsed="6.221969"/>
</kw>
<kw name="Navigate to" owner="base">
<kw name="Set Variable" owner="BuiltIn">
<msg time="2024-07-25T22:16:18.813679" level="INFO">${hamburger} = xpath=//android.widget.ImageButton[@content-desc="Open navigation drawer"]</msg>
<var>${hamburger}</var>
<arg>xpath=//android.widget.ImageButton[@content-desc="Open navigation drawer"]</arg>
<doc>Returns the given values which can then be assigned to a variables.</doc>
<status status="PASS" start="2024-07-25T22:16:18.813679" elapsed="0.000000"/>
</kw>
<kw name="Wait Until Element Is Visible" owner="AppiumLibrary">
<msg time="2024-07-25T22:16:20.095009" level="INFO">xpath criteria: //android.widget.ImageButton[@content-desc="Open navigation drawer"]
xpath criteria: //android.widget.ImageButton[@content-desc="Open navigation drawer"]</msg>
<arg>${hamburger}</arg>
<arg>5</arg>
<doc>Waits until element specified with `locator` is visible.</doc>
<status status="PASS" start="2024-07-25T22:16:18.813679" elapsed="1.281330"/>
</kw>
<kw name="Click Element" owner="AppiumLibrary">
<msg time="2024-07-25T22:16:20.096010" level="INFO">Clicking element 'xpath=//android.widget.ImageButton[@content-desc="Open navigation drawer"]'.</msg>
<msg time="2024-07-25T22:16:20.242446" level="INFO">xpath criteria: //android.widget.ImageButton[@content-desc="Open navigation drawer"]</msg>
<arg>${hamburger}</arg>
<doc>Click element identified by `locator`.</doc>
<status status="PASS" start="2024-07-25T22:16:20.095009" elapsed="0.147437"/>
</kw>
<kw name="Set Variable" owner="BuiltIn">
<msg time="2024-07-25T22:16:20.242446" level="INFO">${menu_item} = xpath=//*[@resource-id="com.qaxperience.yodapp:id/navView"]//*[@text="Formulários"]</msg>
<var>${menu_item}</var>
<arg>xpath=//*[@resource-id="com.qaxperience.yodapp:id/navView"]//*[@text="${item_text}"]</arg>
<doc>Returns the given values which can then be assigned to a variables.</doc>
<status status="PASS" start="2024-07-25T22:16:20.242446" elapsed="0.000000"/>
</kw>
<kw name="Wait Until Element Is Visible" owner="AppiumLibrary">
<msg time="2024-07-25T22:16:21.209084" level="INFO">xpath criteria: //*[@resource-id="com.qaxperience.yodapp:id/navView"]//*[@text="Formulários"]</msg>
<arg>${menu_item}</arg>
<arg>5</arg>
<doc>Waits until element specified with `locator` is visible.</doc>
<status status="PASS" start="2024-07-25T22:16:20.243953" elapsed="0.965131"/>
</kw>
<kw name="Click Element" owner="AppiumLibrary">
<msg time="2024-07-25T22:16:21.210600" level="INFO">Clicking element 'xpath=//*[@resource-id="com.qaxperience.yodapp:id/navView"]//*[@text="Formulários"]'.</msg>
<msg time="2024-07-25T22:16:21.412522" level="INFO">xpath criteria: //*[@resource-id="com.qaxperience.yodapp:id/navView"]//*[@text="Formulários"]</msg>
<arg>${menu_item}</arg>
<doc>Click element identified by `locator`.</doc>
<status status="PASS" start="2024-07-25T22:16:21.210600" elapsed="0.201922"/>
</kw>
<arg>Formulários</arg>
<status status="PASS" start="2024-07-25T22:16:18.812680" elapsed="2.600842"/>
</kw>
<kw name="Go to item" owner="base">
<kw name="Wait Until Page Contains" owner="AppiumLibrary">
<arg>${item}</arg>
<arg>5</arg>
<doc>Waits until `text` appears on current page.</doc>
<status status="PASS" start="2024-07-25T22:16:21.413522" elapsed="0.538577"/>
</kw>
<kw name="Click Text" owner="AppiumLibrary">
<msg time="2024-07-25T22:16:24.233452" level="INFO">xpath criteria: //*[contains(@text,"Login")]</msg>
<arg>${item}</arg>
<doc>Click text identified by ``text``.</doc>
<status status="PASS" start="2024-07-25T22:16:21.952099" elapsed="2.281353"/>
</kw>
<kw name="Wait Until Page Contains" owner="AppiumLibrary">
<arg>${checkpoint}</arg>
<doc>Waits until `text` appears on current page.</doc>
<status status="PASS" start="2024-07-25T22:16:24.233452" elapsed="0.373844"/>
</kw>
<arg>Login</arg>
<arg>Olá Padawan, vamos testar o login?</arg>
<status status="PASS" start="2024-07-25T22:16:21.413522" elapsed="3.193774"/>
</kw>
<kw name="Input Password" owner="AppiumLibrary">
<msg time="2024-07-25T22:16:24.608801" level="INFO">Typing password into text field 'com.qaxperience.yodapp:id/etPassword'</msg>
<msg time="2024-07-25T22:16:25.192330" level="INFO">criteria is com.qaxperience.yodapp:id/etPassword</msg>
<arg>${imput_senha}</arg>
<arg>${senha_valida}</arg>
<doc>Types the given password into text field identified by `locator`.</doc>
<status status="PASS" start="2024-07-25T22:16:24.607296" elapsed="0.585034"/>
</kw>
<kw name="Click Element" owner="AppiumLibrary">
<msg time="2024-07-25T22:16:25.194954" level="INFO">Clicking element 'com.qaxperience.yodapp:id/btnSubmit'.</msg>
<msg time="2024-07-25T22:16:26.567414" level="INFO">criteria is com.qaxperience.yodapp:id/btnSubmit</msg>
<arg>${submit_button}</arg>
<doc>Click element identified by `locator`.</doc>
<status status="PASS" start="2024-07-25T22:16:25.193947" elapsed="1.373467"/>
</kw>
<kw name="Wait Until Page Contains" owner="AppiumLibrary">
<arg>Email válido você deve informar!</arg>
<arg>5</arg>
<doc>Waits until `text` appears on current page.</doc>
<status status="PASS" start="2024-07-25T22:16:26.567414" elapsed="0.063626"/>
</kw>
<kw name="Close session" owner="base">
<kw name="Close Application" owner="AppiumLibrary">
<doc>Closes the current application and also close webdriver session.</doc>
<status status="PASS" start="2024-07-25T22:16:26.632038" elapsed="0.487761"/>
</kw>
<status status="PASS" start="2024-07-25T22:16:26.632038" elapsed="0.488770"/>
</kw>
<status status="PASS" start="2024-07-25T22:16:04.354409" elapsed="22.766399"/>
</test>
<test id="s1-t4" name="Tentativa de login sem preenchimento de email e senha" line="66">
<kw name="Start session" owner="base">
<kw name="Open Application" owner="AppiumLibrary">
<arg>http://localhost:4723</arg>
<arg>platformName=Android</arg>
<arg>deviceName=Android Emulator</arg>
<arg>automationName=UIAutomator2</arg>
<arg>app=${EXECDIR}/app/yodapp-beta.apk</arg>
<arg>udid=emulator-5554</arg>
<arg>autoGrantPermissions=true</arg>
<doc>Opens a new application to given Appium server.
Capabilities of appium server, Android and iOS,
Please check https://appium.io/docs/en/2.1/cli/args/
| *Option*            | *Man.* | *Description*     |
| remote_url          | Yes    | Appium server url |
| alias               | no     | alias             |
| strict_ssl          | No     | allows you to send commands to an invalid certificate host like a self-signed one. |</doc>
<status status="PASS" start="2024-07-25T22:16:27.121808" elapsed="8.131624"/>
</kw>
<status status="PASS" start="2024-07-25T22:16:27.121808" elapsed="8.131624"/>
</kw>
<kw name="Get started" owner="base">
<kw name="Wait Until Page Contains" owner="AppiumLibrary">
<arg>${START}</arg>
<arg>5</arg>
<doc>Waits until `text` appears on current page.</doc>
<status status="PASS" start="2024-07-25T22:16:35.254431" elapsed="4.567440"/>
</kw>
<kw name="Click Text" owner="AppiumLibrary">
<msg time="2024-07-25T22:16:41.456798" level="INFO">xpath criteria: //*[contains(@text,"QAX")]</msg>
<arg>${START}</arg>
<doc>Click text identified by ``text``.</doc>
<status status="PASS" start="2024-07-25T22:16:39.821871" elapsed="1.634927"/>
</kw>
<status status="PASS" start="2024-07-25T22:16:35.254431" elapsed="6.202367"/>
</kw>
<kw name="Navigate to" owner="base">
<kw name="Set Variable" owner="BuiltIn">
<msg time="2024-07-25T22:16:41.457800" level="INFO">${hamburger} = xpath=//android.widget.ImageButton[@content-desc="Open navigation drawer"]</msg>
<var>${hamburger}</var>
<arg>xpath=//android.widget.ImageButton[@content-desc="Open navigation drawer"]</arg>
<doc>Returns the given values which can then be assigned to a variables.</doc>
<status status="PASS" start="2024-07-25T22:16:41.456798" elapsed="0.001002"/>
</kw>
<kw name="Wait Until Element Is Visible" owner="AppiumLibrary">
<msg time="2024-07-25T22:16:42.705601" level="INFO">xpath criteria: //android.widget.ImageButton[@content-desc="Open navigation drawer"]
xpath criteria: //android.widget.ImageButton[@content-desc="Open navigation drawer"]</msg>
<arg>${hamburger}</arg>
<arg>5</arg>
<doc>Waits until element specified with `locator` is visible.</doc>
<status status="PASS" start="2024-07-25T22:16:41.457800" elapsed="1.247801"/>
</kw>
<kw name="Click Element" owner="AppiumLibrary">
<msg time="2024-07-25T22:16:42.706601" level="INFO">Clicking element 'xpath=//android.widget.ImageButton[@content-desc="Open navigation drawer"]'.</msg>
<msg time="2024-07-25T22:16:42.850589" level="INFO">xpath criteria: //android.widget.ImageButton[@content-desc="Open navigation drawer"]</msg>
<arg>${hamburger}</arg>
<doc>Click element identified by `locator`.</doc>
<status status="PASS" start="2024-07-25T22:16:42.705601" elapsed="0.144988"/>
</kw>
<kw name="Set Variable" owner="BuiltIn">
<msg time="2024-07-25T22:16:42.850589" level="INFO">${menu_item} = xpath=//*[@resource-id="com.qaxperience.yodapp:id/navView"]//*[@text="Formulários"]</msg>
<var>${menu_item}</var>
<arg>xpath=//*[@resource-id="com.qaxperience.yodapp:id/navView"]//*[@text="${item_text}"]</arg>
<doc>Returns the given values which can then be assigned to a variables.</doc>
<status status="PASS" start="2024-07-25T22:16:42.850589" elapsed="0.000000"/>
</kw>
<kw name="Wait Until Element Is Visible" owner="AppiumLibrary">
<msg time="2024-07-25T22:16:43.809338" level="INFO">xpath criteria: //*[@resource-id="com.qaxperience.yodapp:id/navView"]//*[@text="Formulários"]</msg>
<arg>${menu_item}</arg>
<arg>5</arg>
<doc>Waits until element specified with `locator` is visible.</doc>
<status status="PASS" start="2024-07-25T22:16:42.850589" elapsed="0.958749"/>
</kw>
<kw name="Click Element" owner="AppiumLibrary">
<msg time="2024-07-25T22:16:43.809841" level="INFO">Clicking element 'xpath=//*[@resource-id="com.qaxperience.yodapp:id/navView"]//*[@text="Formulários"]'.</msg>
<msg time="2024-07-25T22:16:44.015890" level="INFO">xpath criteria: //*[@resource-id="com.qaxperience.yodapp:id/navView"]//*[@text="Formulários"]</msg>
<arg>${menu_item}</arg>
<doc>Click element identified by `locator`.</doc>
<status status="PASS" start="2024-07-25T22:16:43.809338" elapsed="0.206552"/>
</kw>
<arg>Formulários</arg>
<status status="PASS" start="2024-07-25T22:16:41.456798" elapsed="2.559092"/>
</kw>
<kw name="Go to item" owner="base">
<kw name="Wait Until Page Contains" owner="AppiumLibrary">
<arg>${item}</arg>
<arg>5</arg>
<doc>Waits until `text` appears on current page.</doc>
<status status="PASS" start="2024-07-25T22:16:44.016887" elapsed="0.542764"/>
</kw>
<kw name="Click Text" owner="AppiumLibrary">
<msg time="2024-07-25T22:16:46.045889" level="INFO">xpath criteria: //*[contains(@text,"Login")]</msg>
<arg>${item}</arg>
<doc>Click text identified by ``text``.</doc>
<status status="PASS" start="2024-07-25T22:16:44.560883" elapsed="1.485006"/>
</kw>
<kw name="Wait Until Page Contains" owner="AppiumLibrary">
<arg>${checkpoint}</arg>
<doc>Waits until `text` appears on current page.</doc>
<status status="PASS" start="2024-07-25T22:16:46.045889" elapsed="1.177027"/>
</kw>
<arg>Login</arg>
<arg>Olá Padawan, vamos testar o login?</arg>
<status status="PASS" start="2024-07-25T22:16:44.015890" elapsed="3.208032"/>
</kw>
<kw name="Click Element" owner="AppiumLibrary">
<msg time="2024-07-25T22:16:47.224924" level="INFO">Clicking element 'com.qaxperience.yodapp:id/btnSubmit'.</msg>
<msg time="2024-07-25T22:16:48.103527" level="INFO">criteria is com.qaxperience.yodapp:id/btnSubmit</msg>
<arg>${submit_button}</arg>
<doc>Click element identified by `locator`.</doc>
<status status="PASS" start="2024-07-25T22:16:47.223922" elapsed="0.880606"/>
</kw>
<kw name="Wait Until Page Contains" owner="AppiumLibrary">
<arg>Email válido você deve informar!</arg>
<arg>5</arg>
<doc>Waits until `text` appears on current page.</doc>
<status status="PASS" start="2024-07-25T22:16:48.104528" elapsed="0.065043"/>
</kw>
<kw name="Close session" owner="base">
<kw name="Close Application" owner="AppiumLibrary">
<doc>Closes the current application and also close webdriver session.</doc>
<status status="PASS" start="2024-07-25T22:16:48.169571" elapsed="0.423134"/>
</kw>
<status status="PASS" start="2024-07-25T22:16:48.169571" elapsed="0.423134"/>
</kw>
<status status="PASS" start="2024-07-25T22:16:27.121808" elapsed="21.471403"/>
</test>
<test id="s1-t5" name="Tentativa de login com preenchimento de email invalido" line="81">
<kw name="Start session" owner="base">
<kw name="Open Application" owner="AppiumLibrary">
<arg>http://localhost:4723</arg>
<arg>platformName=Android</arg>
<arg>deviceName=Android Emulator</arg>
<arg>automationName=UIAutomator2</arg>
<arg>app=${EXECDIR}/app/yodapp-beta.apk</arg>
<arg>udid=emulator-5554</arg>
<arg>autoGrantPermissions=true</arg>
<doc>Opens a new application to given Appium server.
Capabilities of appium server, Android and iOS,
Please check https://appium.io/docs/en/2.1/cli/args/
| *Option*            | *Man.* | *Description*     |
| remote_url          | Yes    | Appium server url |
| alias               | no     | alias             |
| strict_ssl          | No     | allows you to send commands to an invalid certificate host like a self-signed one. |</doc>
<status status="PASS" start="2024-07-25T22:16:48.594218" elapsed="8.141470"/>
</kw>
<status status="PASS" start="2024-07-25T22:16:48.594218" elapsed="8.141470"/>
</kw>
<kw name="Get started" owner="base">
<kw name="Wait Until Page Contains" owner="AppiumLibrary">
<arg>${START}</arg>
<arg>5</arg>
<doc>Waits until `text` appears on current page.</doc>
<status status="PASS" start="2024-07-25T22:16:56.736691" elapsed="4.645799"/>
</kw>
<kw name="Click Text" owner="AppiumLibrary">
<msg time="2024-07-25T22:17:03.104340" level="INFO">xpath criteria: //*[contains(@text,"QAX")]</msg>
<arg>${START}</arg>
<doc>Click text identified by ``text``.</doc>
<status status="PASS" start="2024-07-25T22:17:01.382490" elapsed="1.722853"/>
</kw>
<status status="PASS" start="2024-07-25T22:16:56.736691" elapsed="6.368652"/>
</kw>
<kw name="Navigate to" owner="base">
<kw name="Set Variable" owner="BuiltIn">
<msg time="2024-07-25T22:17:03.105343" level="INFO">${hamburger} = xpath=//android.widget.ImageButton[@content-desc="Open navigation drawer"]</msg>
<var>${hamburger}</var>
<arg>xpath=//android.widget.ImageButton[@content-desc="Open navigation drawer"]</arg>
<doc>Returns the given values which can then be assigned to a variables.</doc>
<status status="PASS" start="2024-07-25T22:17:03.105343" elapsed="0.000998"/>
</kw>
<kw name="Wait Until Element Is Visible" owner="AppiumLibrary">
<msg time="2024-07-25T22:17:04.322114" level="INFO">xpath criteria: //android.widget.ImageButton[@content-desc="Open navigation drawer"]
xpath criteria: //android.widget.ImageButton[@content-desc="Open navigation drawer"]</msg>
<arg>${hamburger}</arg>
<arg>5</arg>
<doc>Waits until element specified with `locator` is visible.</doc>
<status status="PASS" start="2024-07-25T22:17:03.106341" elapsed="1.215773"/>
</kw>
<kw name="Click Element" owner="AppiumLibrary">
<msg time="2024-07-25T22:17:04.323113" level="INFO">Clicking element 'xpath=//android.widget.ImageButton[@content-desc="Open navigation drawer"]'.</msg>
<msg time="2024-07-25T22:17:04.451985" level="INFO">xpath criteria: //android.widget.ImageButton[@content-desc="Open navigation drawer"]</msg>
<arg>${hamburger}</arg>
<doc>Click element identified by `locator`.</doc>
<status status="PASS" start="2024-07-25T22:17:04.322114" elapsed="0.129871"/>
</kw>
<kw name="Set Variable" owner="BuiltIn">
<msg time="2024-07-25T22:17:04.452984" level="INFO">${menu_item} = xpath=//*[@resource-id="com.qaxperience.yodapp:id/navView"]//*[@text="Formulários"]</msg>
<var>${menu_item}</var>
<arg>xpath=//*[@resource-id="com.qaxperience.yodapp:id/navView"]//*[@text="${item_text}"]</arg>
<doc>Returns the given values which can then be assigned to a variables.</doc>
<status status="PASS" start="2024-07-25T22:17:04.451985" elapsed="0.000999"/>
</kw>
<kw name="Wait Until Element Is Visible" owner="AppiumLibrary">
<msg time="2024-07-25T22:17:05.399909" level="INFO">xpath criteria: //*[@resource-id="com.qaxperience.yodapp:id/navView"]//*[@text="Formulários"]</msg>
<arg>${menu_item}</arg>
<arg>5</arg>
<doc>Waits until element specified with `locator` is visible.</doc>
<status status="PASS" start="2024-07-25T22:17:04.452984" elapsed="0.946925"/>
</kw>
<kw name="Click Element" owner="AppiumLibrary">
<msg time="2024-07-25T22:17:05.400916" level="INFO">Clicking element 'xpath=//*[@resource-id="com.qaxperience.yodapp:id/navView"]//*[@text="Formulários"]'.</msg>
<msg time="2024-07-25T22:17:06.549338" level="INFO">xpath criteria: //*[@resource-id="com.qaxperience.yodapp:id/navView"]//*[@text="Formulários"]</msg>
<arg>${menu_item}</arg>
<doc>Click element identified by `locator`.</doc>
<status status="PASS" start="2024-07-25T22:17:05.399909" elapsed="1.149429"/>
</kw>
<arg>Formulários</arg>
<status status="PASS" start="2024-07-25T22:17:03.105343" elapsed="3.443995"/>
</kw>
<kw name="Go to item" owner="base">
<kw name="Wait Until Page Contains" owner="AppiumLibrary">
<arg>${item}</arg>
<arg>5</arg>
<doc>Waits until `text` appears on current page.</doc>
<status status="PASS" start="2024-07-25T22:17:06.550329" elapsed="0.063782"/>
</kw>
<kw name="Click Text" owner="AppiumLibrary">
<msg time="2024-07-25T22:17:07.711397" level="INFO">xpath criteria: //*[contains(@text,"Login")]</msg>
<arg>${item}</arg>
<doc>Click text identified by ``text``.</doc>
<status status="PASS" start="2024-07-25T22:17:06.614111" elapsed="1.097286"/>
</kw>
<kw name="Wait Until Page Contains" owner="AppiumLibrary">
<arg>${checkpoint}</arg>
<doc>Waits until `text` appears on current page.</doc>
<status status="PASS" start="2024-07-25T22:17:07.711397" elapsed="0.098795"/>
</kw>
<arg>Login</arg>
<arg>Olá Padawan, vamos testar o login?</arg>
<status status="PASS" start="2024-07-25T22:17:06.550329" elapsed="1.259863"/>
</kw>
<kw name="Input Text" owner="AppiumLibrary">
<msg time="2024-07-25T22:17:07.811202" level="INFO">Typing text 'teste.com' into text field 'com.qaxperience.yodapp:id/etEmail'</msg>
<msg time="2024-07-25T22:17:09.417105" level="INFO">criteria is com.qaxperience.yodapp:id/etEmail</msg>
<arg>${imput_email}</arg>
<arg>${email_invalido}</arg>
<doc>Types the given `text` into text field identified by `locator`.</doc>
<status status="PASS" start="2024-07-25T22:17:07.810192" elapsed="1.606913"/>
</kw>
<kw name="Input Password" owner="AppiumLibrary">
<msg time="2024-07-25T22:17:09.418104" level="INFO">Typing password into text field 'com.qaxperience.yodapp:id/etPassword'</msg>
<msg time="2024-07-25T22:17:10.438830" level="INFO">criteria is com.qaxperience.yodapp:id/etPassword</msg>
<arg>${imput_senha}</arg>
<arg>${senha_valida}</arg>
<doc>Types the given password into text field identified by `locator`.</doc>
<status status="PASS" start="2024-07-25T22:17:09.417105" elapsed="1.021725"/>
</kw>
<kw name="Click Element" owner="AppiumLibrary">
<msg time="2024-07-25T22:17:10.440335" level="INFO">Clicking element 'com.qaxperience.yodapp:id/btnSubmit'.</msg>
<msg time="2024-07-25T22:17:11.793058" level="INFO">criteria is com.qaxperience.yodapp:id/btnSubmit</msg>
<arg>${submit_button}</arg>
<doc>Click element identified by `locator`.</doc>
<status status="PASS" start="2024-07-25T22:17:10.438830" elapsed="1.354228"/>
</kw>
<kw name="Wait Until Page Contains" owner="AppiumLibrary">
<arg>Email válido você deve informar!</arg>
<arg>5</arg>
<doc>Waits until `text` appears on current page.</doc>
<status status="PASS" start="2024-07-25T22:17:11.793058" elapsed="0.066403"/>
</kw>
<kw name="Close session" owner="base">
<kw name="Close Application" owner="AppiumLibrary">
<doc>Closes the current application and also close webdriver session.</doc>
<status status="PASS" start="2024-07-25T22:17:11.859461" elapsed="0.597692"/>
</kw>
<status status="PASS" start="2024-07-25T22:17:11.859461" elapsed="0.597692"/>
</kw>
<status status="PASS" start="2024-07-25T22:16:48.593211" elapsed="23.864940"/>
</test>
<test id="s1-t6" name="Tentativa de login sem preenchimento de senha" line="97">
<kw name="Start session" owner="base">
<kw name="Open Application" owner="AppiumLibrary">
<arg>http://localhost:4723</arg>
<arg>platformName=Android</arg>
<arg>deviceName=Android Emulator</arg>
<arg>automationName=UIAutomator2</arg>
<arg>app=${EXECDIR}/app/yodapp-beta.apk</arg>
<arg>udid=emulator-5554</arg>
<arg>autoGrantPermissions=true</arg>
<doc>Opens a new application to given Appium server.
Capabilities of appium server, Android and iOS,
Please check https://appium.io/docs/en/2.1/cli/args/
| *Option*            | *Man.* | *Description*     |
| remote_url          | Yes    | Appium server url |
| alias               | no     | alias             |
| strict_ssl          | No     | allows you to send commands to an invalid certificate host like a self-signed one. |</doc>
<status status="PASS" start="2024-07-25T22:17:12.458657" elapsed="7.956791"/>
</kw>
<status status="PASS" start="2024-07-25T22:17:12.458657" elapsed="7.957793"/>
</kw>
<kw name="Get started" owner="base">
<kw name="Wait Until Page Contains" owner="AppiumLibrary">
<arg>${START}</arg>
<arg>5</arg>
<doc>Waits until `text` appears on current page.</doc>
<status status="PASS" start="2024-07-25T22:17:20.416450" elapsed="4.738379"/>
</kw>
<kw name="Click Text" owner="AppiumLibrary">
<msg time="2024-07-25T22:17:26.581841" level="INFO">xpath criteria: //*[contains(@text,"QAX")]</msg>
<arg>${START}</arg>
<doc>Click text identified by ``text``.</doc>
<status status="PASS" start="2024-07-25T22:17:25.154829" elapsed="1.427012"/>
</kw>
<status status="PASS" start="2024-07-25T22:17:20.416450" elapsed="6.165391"/>
</kw>
<kw name="Navigate to" owner="base">
<kw name="Set Variable" owner="BuiltIn">
<msg time="2024-07-25T22:17:26.582845" level="INFO">${hamburger} = xpath=//android.widget.ImageButton[@content-desc="Open navigation drawer"]</msg>
<var>${hamburger}</var>
<arg>xpath=//android.widget.ImageButton[@content-desc="Open navigation drawer"]</arg>
<doc>Returns the given values which can then be assigned to a variables.</doc>
<status status="PASS" start="2024-07-25T22:17:26.582845" elapsed="0.000000"/>
</kw>
<kw name="Wait Until Element Is Visible" owner="AppiumLibrary">
<msg time="2024-07-25T22:17:27.798960" level="INFO">xpath criteria: //android.widget.ImageButton[@content-desc="Open navigation drawer"]
xpath criteria: //android.widget.ImageButton[@content-desc="Open navigation drawer"]</msg>
<arg>${hamburger}</arg>
<arg>5</arg>
<doc>Waits until element specified with `locator` is visible.</doc>
<status status="PASS" start="2024-07-25T22:17:26.582845" elapsed="1.216115"/>
</kw>
<kw name="Click Element" owner="AppiumLibrary">
<msg time="2024-07-25T22:17:27.800517" level="INFO">Clicking element 'xpath=//android.widget.ImageButton[@content-desc="Open navigation drawer"]'.</msg>
<msg time="2024-07-25T22:17:27.934949" level="INFO">xpath criteria: //android.widget.ImageButton[@content-desc="Open navigation drawer"]</msg>
<arg>${hamburger}</arg>
<doc>Click element identified by `locator`.</doc>
<status status="PASS" start="2024-07-25T22:17:27.798960" elapsed="0.135989"/>
</kw>
<kw name="Set Variable" owner="BuiltIn">
<msg time="2024-07-25T22:17:27.934949" level="INFO">${menu_item} = xpath=//*[@resource-id="com.qaxperience.yodapp:id/navView"]//*[@text="Formulários"]</msg>
<var>${menu_item}</var>
<arg>xpath=//*[@resource-id="com.qaxperience.yodapp:id/navView"]//*[@text="${item_text}"]</arg>
<doc>Returns the given values which can then be assigned to a variables.</doc>
<status status="PASS" start="2024-07-25T22:17:27.934949" elapsed="0.000000"/>
</kw>
<kw name="Wait Until Element Is Visible" owner="AppiumLibrary">
<msg time="2024-07-25T22:17:28.913221" level="INFO">xpath criteria: //*[@resource-id="com.qaxperience.yodapp:id/navView"]//*[@text="Formulários"]</msg>
<arg>${menu_item}</arg>
<arg>5</arg>
<doc>Waits until element specified with `locator` is visible.</doc>
<status status="PASS" start="2024-07-25T22:17:27.934949" elapsed="0.978272"/>
</kw>
<kw name="Click Element" owner="AppiumLibrary">
<msg time="2024-07-25T22:17:28.914221" level="INFO">Clicking element 'xpath=//*[@resource-id="com.qaxperience.yodapp:id/navView"]//*[@text="Formulários"]'.</msg>
<msg time="2024-07-25T22:17:29.098054" level="INFO">xpath criteria: //*[@resource-id="com.qaxperience.yodapp:id/navView"]//*[@text="Formulários"]</msg>
<arg>${menu_item}</arg>
<doc>Click element identified by `locator`.</doc>
<status status="PASS" start="2024-07-25T22:17:28.913221" elapsed="0.184833"/>
</kw>
<arg>Formulários</arg>
<status status="PASS" start="2024-07-25T22:17:26.581841" elapsed="2.516213"/>
</kw>
<kw name="Go to item" owner="base">
<kw name="Wait Until Page Contains" owner="AppiumLibrary">
<arg>${item}</arg>
<arg>5</arg>
<doc>Waits until `text` appears on current page.</doc>
<status status="PASS" start="2024-07-25T22:17:29.099054" elapsed="0.572856"/>
</kw>
<kw name="Click Text" owner="AppiumLibrary">
<msg time="2024-07-25T22:17:30.177574" level="INFO">xpath criteria: //*[contains(@text,"Login")]</msg>
<arg>${item}</arg>
<doc>Click text identified by ``text``.</doc>
<status status="PASS" start="2024-07-25T22:17:29.671910" elapsed="0.505664"/>
</kw>
<kw name="Wait Until Page Contains" owner="AppiumLibrary">
<arg>${checkpoint}</arg>
<doc>Waits until `text` appears on current page.</doc>
<status status="PASS" start="2024-07-25T22:17:30.177574" elapsed="2.150429"/>
</kw>
<arg>Login</arg>
<arg>Olá Padawan, vamos testar o login?</arg>
<status status="PASS" start="2024-07-25T22:17:29.098054" elapsed="3.230950"/>
</kw>
<kw name="Input Text" owner="AppiumLibrary">
<msg time="2024-07-25T22:17:32.330003" level="INFO">Typing text 'yoda@qax.com' into text field 'com.qaxperience.yodapp:id/etEmail'</msg>
<msg time="2024-07-25T22:17:32.909550" level="INFO">criteria is com.qaxperience.yodapp:id/etEmail</msg>
<arg>${imput_email}</arg>
<arg>${email_valido}</arg>
<doc>Types the given `text` into text field identified by `locator`.</doc>
<status status="PASS" start="2024-07-25T22:17:32.329004" elapsed="0.580546"/>
</kw>
<kw name="Click Element" owner="AppiumLibrary">
<msg time="2024-07-25T22:17:32.911055" level="INFO">Clicking element 'com.qaxperience.yodapp:id/btnSubmit'.</msg>
<msg time="2024-07-25T22:17:34.300873" level="INFO">criteria is com.qaxperience.yodapp:id/btnSubmit</msg>
<arg>${submit_button}</arg>
<doc>Click element identified by `locator`.</doc>
<status status="PASS" start="2024-07-25T22:17:32.909550" elapsed="1.391323"/>
</kw>
<kw name="Wait Until Page Contains" owner="AppiumLibrary">
<arg>Uma senha você deve informar!</arg>
<arg>5</arg>
<doc>Waits until `text` appears on current page.</doc>
<status status="PASS" start="2024-07-25T22:17:34.301381" elapsed="0.065495"/>
</kw>
<kw name="Close session" owner="base">
<kw name="Close Application" owner="AppiumLibrary">
<doc>Closes the current application and also close webdriver session.</doc>
<status status="PASS" start="2024-07-25T22:17:34.367876" elapsed="0.597154"/>
</kw>
<status status="PASS" start="2024-07-25T22:17:34.367876" elapsed="0.597154"/>
</kw>
<status status="PASS" start="2024-07-25T22:17:12.458657" elapsed="22.507372"/>
</test>
<status status="PASS" start="2024-07-25T22:15:17.024510" elapsed="137.942518"/>
</suite>
<statistics>
<total>
<stat pass="6" fail="0" skip="0">All Tests</stat>
</total>
<tag>
</tag>
<suite>
<stat pass="6" fail="0" skip="0" id="s1" name="Login">Login</stat>
</suite>
</statistics>
<errors>
</errors>
</robot>
